running egg_info
creating ../build/joy_to_udp/joy_to_udp.egg-info
writing ../build/joy_to_udp/joy_to_udp.egg-info/PKG-INFO
writing dependency_links to ../build/joy_to_udp/joy_to_udp.egg-info/dependency_links.txt
writing entry points to ../build/joy_to_udp/joy_to_udp.egg-info/entry_points.txt
writing requirements to ../build/joy_to_udp/joy_to_udp.egg-info/requires.txt
writing top-level names to ../build/joy_to_udp/joy_to_udp.egg-info/top_level.txt
writing manifest file '../build/joy_to_udp/joy_to_udp.egg-info/SOURCES.txt'
reading manifest file '../build/joy_to_udp/joy_to_udp.egg-info/SOURCES.txt'
writing manifest file '../build/joy_to_udp/joy_to_udp.egg-info/SOURCES.txt'
running build
running build_py
creating /home/ariful/Urc26/science/science/build/joy_to_udp/build
creating /home/ariful/Urc26/science/science/build/joy_to_udp/build/lib
creating /home/ariful/Urc26/science/science/build/joy_to_udp/build/lib/joy_to_udp
copying joy_to_udp/joy_udp.py -> /home/ariful/Urc26/science/science/build/joy_to_udp/build/lib/joy_to_udp
copying joy_to_udp/__init__.py -> /home/ariful/Urc26/science/science/build/joy_to_udp/build/lib/joy_to_udp
running install
running install_lib
creating /home/ariful/Urc26/science/science/install/joy_to_udp/lib/python3.12/site-packages/joy_to_udp
copying /home/ariful/Urc26/science/science/build/joy_to_udp/build/lib/joy_to_udp/joy_udp.py -> /home/ariful/Urc26/science/science/install/joy_to_udp/lib/python3.12/site-packages/joy_to_udp
copying /home/ariful/Urc26/science/science/build/joy_to_udp/build/lib/joy_to_udp/__init__.py -> /home/ariful/Urc26/science/science/install/joy_to_udp/lib/python3.12/site-packages/joy_to_udp
byte-compiling /home/ariful/Urc26/science/science/install/joy_to_udp/lib/python3.12/site-packages/joy_to_udp/joy_udp.py to joy_udp.cpython-312.pyc
byte-compiling /home/ariful/Urc26/science/science/install/joy_to_udp/lib/python3.12/site-packages/joy_to_udp/__init__.py to __init__.cpython-312.pyc
running install_data
creating /home/ariful/Urc26/science/science/install/joy_to_udp/share/ament_index
creating /home/ariful/Urc26/science/science/install/joy_to_udp/share/ament_index/resource_index
creating /home/ariful/Urc26/science/science/install/joy_to_udp/share/ament_index/resource_index/packages
copying resource/joy_to_udp -> /home/ariful/Urc26/science/science/install/joy_to_udp/share/ament_index/resource_index/packages
copying package.xml -> /home/ariful/Urc26/science/science/install/joy_to_udp/share/joy_to_udp
running install_egg_info
Copying ../build/joy_to_udp/joy_to_udp.egg-info to /home/ariful/Urc26/science/science/install/joy_to_udp/lib/python3.12/site-packages/joy_to_udp-0.0.0-py3.12.egg-info
running install_scripts
Installing joy_udp script to /home/ariful/Urc26/science/science/install/joy_to_udp/lib/joy_to_udp
writing list of installed files to '/home/ariful/Urc26/science/science/build/joy_to_udp/install.log'
