[0.795s] Invoking command in '/home/ariful/Urc26/science/science/joy_to_udp': DEBUGINFOD_URLS=https://debuginfod.ubuntu.com PYTHONPATH=/home/ariful/Urc26/science/science/build/joy_to_udp/prefix_override:/usr/lib/python3/dist-packages/colcon_core/task/python/colcon_distutils_commands:/home/ariful/Urc26/science/science/install/joy_to_udp/lib/python3.12/site-packages:${PYTHONPATH} /usr/bin/python3 -W ignore:setup.py install is deprecated -W ignore:easy_install command is deprecated setup.py egg_info --egg-base ../build/joy_to_udp build --build-base /home/ariful/Urc26/science/science/build/joy_to_udp/build install --record /home/ariful/Urc26/science/science/build/joy_to_udp/install.log --single-version-externally-managed install_data
[1.021s] running egg_info
[1.039s] writing ../build/joy_to_udp/joy_to_udp.egg-info/PKG-INFO
[1.039s] writing dependency_links to ../build/joy_to_udp/joy_to_udp.egg-info/dependency_links.txt
[1.039s] writing entry points to ../build/joy_to_udp/joy_to_udp.egg-info/entry_points.txt
[1.039s] writing requirements to ../build/joy_to_udp/joy_to_udp.egg-info/requires.txt
[1.039s] writing top-level names to ../build/joy_to_udp/joy_to_udp.egg-info/top_level.txt
[1.068s] reading manifest file '../build/joy_to_udp/joy_to_udp.egg-info/SOURCES.txt'
[1.069s] writing manifest file '../build/joy_to_udp/joy_to_udp.egg-info/SOURCES.txt'
[1.069s] running build
[1.069s] running build_py
[1.069s] copying joy_to_udp/joy_udp.py -> /home/ariful/Urc26/science/science/build/joy_to_udp/build/lib/joy_to_udp
[1.069s] running install
[1.073s] running install_lib
[1.087s] copying /home/ariful/Urc26/science/science/build/joy_to_udp/build/lib/joy_to_udp/joy_udp.py -> /home/ariful/Urc26/science/science/install/joy_to_udp/lib/python3.12/site-packages/joy_to_udp
[1.088s] byte-compiling /home/ariful/Urc26/science/science/install/joy_to_udp/lib/python3.12/site-packages/joy_to_udp/joy_udp.py to joy_udp.cpython-312.pyc
[1.089s] running install_data
[1.089s] running install_egg_info
[1.104s] removing '/home/ariful/Urc26/science/science/install/joy_to_udp/lib/python3.12/site-packages/joy_to_udp-0.0.0-py3.12.egg-info' (and everything under it)
[1.104s] Copying ../build/joy_to_udp/joy_to_udp.egg-info to /home/ariful/Urc26/science/science/install/joy_to_udp/lib/python3.12/site-packages/joy_to_udp-0.0.0-py3.12.egg-info
[1.105s] running install_scripts
[1.216s] Installing joy_udp script to /home/ariful/Urc26/science/science/install/joy_to_udp/lib/joy_to_udp
[1.216s] writing list of installed files to '/home/ariful/Urc26/science/science/build/joy_to_udp/install.log'
[1.243s] Invoked command in '/home/ariful/Urc26/science/science/joy_to_udp' returned '0': DEBUGINFOD_URLS=https://debuginfod.ubuntu.com PYTHONPATH=/home/ariful/Urc26/science/science/build/joy_to_udp/prefix_override:/usr/lib/python3/dist-packages/colcon_core/task/python/colcon_distutils_commands:/home/ariful/Urc26/science/science/install/joy_to_udp/lib/python3.12/site-packages:${PYTHONPATH} /usr/bin/python3 -W ignore:setup.py install is deprecated -W ignore:easy_install command is deprecated setup.py egg_info --egg-base ../build/joy_to_udp build --build-base /home/ariful/Urc26/science/science/build/joy_to_udp/build install --record /home/ariful/Urc26/science/science/build/joy_to_udp/install.log --single-version-externally-managed install_data
