[0.677s] Invoking command in '/home/labiba-ibnat-matin/Desktop/science/joy_to_udp': DEBUGINFOD_URLS=https://debuginfod.ubuntu.com PYTHONPATH=/home/labiba-ibnat-matin/Desktop/science/build/joy_to_udp/prefix_override:/usr/lib/python3/dist-packages/colcon_core/task/python/colcon_distutils_commands:/home/labiba-ibnat-matin/Desktop/science/install/joy_to_udp/lib/python3.12/site-packages:${PYTHONPATH} /usr/bin/python3 -W ignore:setup.py install is deprecated -W ignore:easy_install command is deprecated setup.py egg_info --egg-base ../build/joy_to_udp build --build-base /home/labiba-ibnat-matin/Desktop/science/build/joy_to_udp/build install --record /home/labiba-ibnat-matin/Desktop/science/build/joy_to_udp/install.log --single-version-externally-managed install_data
[0.878s] running egg_info
[0.878s] creating ../build/joy_to_udp/joy_to_udp.egg-info
[0.892s] writing ../build/joy_to_udp/joy_to_udp.egg-info/PKG-INFO
[0.892s] writing dependency_links to ../build/joy_to_udp/joy_to_udp.egg-info/dependency_links.txt
[0.892s] writing entry points to ../build/joy_to_udp/joy_to_udp.egg-info/entry_points.txt
[0.892s] writing requirements to ../build/joy_to_udp/joy_to_udp.egg-info/requires.txt
[0.892s] writing top-level names to ../build/joy_to_udp/joy_to_udp.egg-info/top_level.txt
[0.892s] writing manifest file '../build/joy_to_udp/joy_to_udp.egg-info/SOURCES.txt'
[0.921s] reading manifest file '../build/joy_to_udp/joy_to_udp.egg-info/SOURCES.txt'
[0.922s] writing manifest file '../build/joy_to_udp/joy_to_udp.egg-info/SOURCES.txt'
[0.922s] running build
[0.922s] running build_py
[0.922s] creating /home/labiba-ibnat-matin/Desktop/science/build/joy_to_udp/build
[0.922s] creating /home/labiba-ibnat-matin/Desktop/science/build/joy_to_udp/build/lib
[0.922s] creating /home/labiba-ibnat-matin/Desktop/science/build/joy_to_udp/build/lib/joy_to_udp
[0.922s] copying joy_to_udp/joy_udp.py -> /home/labiba-ibnat-matin/Desktop/science/build/joy_to_udp/build/lib/joy_to_udp
[0.922s] copying joy_to_udp/__init__.py -> /home/labiba-ibnat-matin/Desktop/science/build/joy_to_udp/build/lib/joy_to_udp
[0.922s] running install
[0.927s] running install_lib
[0.941s] creating /home/labiba-ibnat-matin/Desktop/science/install/joy_to_udp/lib/python3.12/site-packages/joy_to_udp
[0.941s] copying /home/labiba-ibnat-matin/Desktop/science/build/joy_to_udp/build/lib/joy_to_udp/joy_udp.py -> /home/labiba-ibnat-matin/Desktop/science/install/joy_to_udp/lib/python3.12/site-packages/joy_to_udp
[0.941s] copying /home/labiba-ibnat-matin/Desktop/science/build/joy_to_udp/build/lib/joy_to_udp/__init__.py -> /home/labiba-ibnat-matin/Desktop/science/install/joy_to_udp/lib/python3.12/site-packages/joy_to_udp
[0.942s] byte-compiling /home/labiba-ibnat-matin/Desktop/science/install/joy_to_udp/lib/python3.12/site-packages/joy_to_udp/joy_udp.py to joy_udp.cpython-312.pyc
[0.942s] byte-compiling /home/labiba-ibnat-matin/Desktop/science/install/joy_to_udp/lib/python3.12/site-packages/joy_to_udp/__init__.py to __init__.cpython-312.pyc
[0.943s] running install_data
[0.943s] creating /home/labiba-ibnat-matin/Desktop/science/install/joy_to_udp/share/ament_index
[0.943s] creating /home/labiba-ibnat-matin/Desktop/science/install/joy_to_udp/share/ament_index/resource_index
[0.943s] creating /home/labiba-ibnat-matin/Desktop/science/install/joy_to_udp/share/ament_index/resource_index/packages
[0.943s] copying resource/joy_to_udp -> /home/labiba-ibnat-matin/Desktop/science/install/joy_to_udp/share/ament_index/resource_index/packages
[0.943s] copying package.xml -> /home/labiba-ibnat-matin/Desktop/science/install/joy_to_udp/share/joy_to_udp
[0.943s] running install_egg_info
[0.958s] Copying ../build/joy_to_udp/joy_to_udp.egg-info to /home/labiba-ibnat-matin/Desktop/science/install/joy_to_udp/lib/python3.12/site-packages/joy_to_udp-0.0.0-py3.12.egg-info
[0.959s] running install_scripts
[1.056s] Installing joy_udp script to /home/labiba-ibnat-matin/Desktop/science/install/joy_to_udp/lib/joy_to_udp
[1.056s] writing list of installed files to '/home/labiba-ibnat-matin/Desktop/science/build/joy_to_udp/install.log'
[1.078s] Invoked command in '/home/labiba-ibnat-matin/Desktop/science/joy_to_udp' returned '0': DEBUGINFOD_URLS=https://debuginfod.ubuntu.com PYTHONPATH=/home/labiba-ibnat-matin/Desktop/science/build/joy_to_udp/prefix_override:/usr/lib/python3/dist-packages/colcon_core/task/python/colcon_distutils_commands:/home/labiba-ibnat-matin/Desktop/science/install/joy_to_udp/lib/python3.12/site-packages:${PYTHONPATH} /usr/bin/python3 -W ignore:setup.py install is deprecated -W ignore:easy_install command is deprecated setup.py egg_info --egg-base ../build/joy_to_udp build --build-base /home/labiba-ibnat-matin/Desktop/science/build/joy_to_udp/build install --record /home/labiba-ibnat-matin/Desktop/science/build/joy_to_udp/install.log --single-version-externally-managed install_data
