[0.015s] Invoking command in '/home/ariful/Urc26/science/serial_connection_cpp1/build/joy_to_teensy': CMAKE_PREFIX_PATH=${CMAKE_PREFIX_PATH}:/home/ariful/ros2_ws/install/joystick_udp:/home/ariful/microros_ws/install/sensor_msgs_py:/opt/ros/jazzy DEBUGINFOD_URLS=https://debuginfod.ubuntu.com /usr/bin/cmake --build /home/ariful/Urc26/science/serial_connection_cpp1/build/joy_to_teensy -- -j12 -l12
[0.238s] [100%] Built target joy_node
[0.260s] Invoked command in '/home/ariful/Urc26/science/serial_connection_cpp1/build/joy_to_teensy' returned '0': CMAKE_PREFIX_PATH=${CMAKE_PREFIX_PATH}:/home/ariful/ros2_ws/install/joystick_udp:/home/ariful/microros_ws/install/sensor_msgs_py:/opt/ros/jazzy DEBUGINFOD_URLS=https://debuginfod.ubuntu.com /usr/bin/cmake --build /home/ariful/Urc26/science/serial_connection_cpp1/build/joy_to_teensy -- -j12 -l12
[0.280s] Invoking command in '/home/ariful/Urc26/science/serial_connection_cpp1/build/joy_to_teensy': CMAKE_PREFIX_PATH=${CMAKE_PREFIX_PATH}:/home/ariful/ros2_ws/install/joystick_udp:/home/ariful/microros_ws/install/sensor_msgs_py:/opt/ros/jazzy DEBUGINFOD_URLS=https://debuginfod.ubuntu.com /usr/bin/cmake --install /home/ariful/Urc26/science/serial_connection_cpp1/build/joy_to_teensy
[0.296s] -- Install configuration: ""
[0.298s] -- Up-to-date: /home/ariful/Urc26/science/serial_connection_cpp1/install/joy_to_teensy/lib/joy_to_teensy/joy_node
[0.298s] -- Up-to-date: /home/ariful/Urc26/science/serial_connection_cpp1/install/joy_to_teensy/share/ament_index/resource_index/package_run_dependencies/joy_to_teensy
[0.298s] -- Up-to-date: /home/ariful/Urc26/science/serial_connection_cpp1/install/joy_to_teensy/share/ament_index/resource_index/parent_prefix_path/joy_to_teensy
[0.298s] -- Up-to-date: /home/ariful/Urc26/science/serial_connection_cpp1/install/joy_to_teensy/share/joy_to_teensy/environment/ament_prefix_path.sh
[0.299s] -- Up-to-date: /home/ariful/Urc26/science/serial_connection_cpp1/install/joy_to_teensy/share/joy_to_teensy/environment/ament_prefix_path.dsv
[0.299s] -- Up-to-date: /home/ariful/Urc26/science/serial_connection_cpp1/install/joy_to_teensy/share/joy_to_teensy/environment/path.sh
[0.299s] -- Up-to-date: /home/ariful/Urc26/science/serial_connection_cpp1/install/joy_to_teensy/share/joy_to_teensy/environment/path.dsv
[0.299s] -- Up-to-date: /home/ariful/Urc26/science/serial_connection_cpp1/install/joy_to_teensy/share/joy_to_teensy/local_setup.bash
[0.299s] -- Up-to-date: /home/ariful/Urc26/science/serial_connection_cpp1/install/joy_to_teensy/share/joy_to_teensy/local_setup.sh
[0.299s] -- Up-to-date: /home/ariful/Urc26/science/serial_connection_cpp1/install/joy_to_teensy/share/joy_to_teensy/local_setup.zsh
[0.299s] -- Up-to-date: /home/ariful/Urc26/science/serial_connection_cpp1/install/joy_to_teensy/share/joy_to_teensy/local_setup.dsv
[0.299s] -- Installing: /home/ariful/Urc26/science/serial_connection_cpp1/install/joy_to_teensy/share/joy_to_teensy/package.dsv
[0.299s] -- Up-to-date: /home/ariful/Urc26/science/serial_connection_cpp1/install/joy_to_teensy/share/ament_index/resource_index/packages/joy_to_teensy
[0.299s] -- Up-to-date: /home/ariful/Urc26/science/serial_connection_cpp1/install/joy_to_teensy/share/joy_to_teensy/cmake/joy_to_teensyConfig.cmake
[0.300s] -- Up-to-date: /home/ariful/Urc26/science/serial_connection_cpp1/install/joy_to_teensy/share/joy_to_teensy/cmake/joy_to_teensyConfig-version.cmake
[0.300s] -- Up-to-date: /home/ariful/Urc26/science/serial_connection_cpp1/install/joy_to_teensy/share/joy_to_teensy/package.xml
[0.302s] Invoked command in '/home/ariful/Urc26/science/serial_connection_cpp1/build/joy_to_teensy' returned '0': CMAKE_PREFIX_PATH=${CMAKE_PREFIX_PATH}:/home/ariful/ros2_ws/install/joystick_udp:/home/ariful/microros_ws/install/sensor_msgs_py:/opt/ros/jazzy DEBUGINFOD_URLS=https://debuginfod.ubuntu.com /usr/bin/cmake --install /home/ariful/Urc26/science/serial_connection_cpp1/build/joy_to_teensy
